<?xml version="1.0" encoding="UTF-8"?>
<coverage generated="1513226478032" clover="3.2.0">
  <project timestamp="1513226478032" name="All files">
    <metrics statements="110" coveredstatements="96" conditionals="26" coveredconditionals="17" methods="22" coveredmethods="21" elements="158" coveredelements="134" complexity="0" loc="110" ncloc="110" packages="3" files="5" classes="5">
      <package name="lib">
        <metrics statements="63" coveredstatements="52" conditionals="16" coveredconditionals="10" methods="10" coveredmethods="9"/>
        <file name="error-middleware.js" path="/Users/DaltonCarr/codefellows/401/lab-assignments/13-14-Relational-Modeling/lib/error-middleware.js">
          <metrics statements="20" coveredstatements="17" conditionals="10" coveredconditionals="7" methods="1" coveredmethods="1"/>
          <line num="3" count="1" type="stmt"/>
          <line num="5" count="1" type="stmt"/>
          <line num="6" count="6" type="stmt"/>
          <line num="7" count="6" type="stmt"/>
          <line num="9" count="6" type="cond" truecount="2" falsecount="0"/>
          <line num="10" count="1" type="stmt"/>
          <line num="11" count="1" type="stmt"/>
          <line num="14" count="5" type="stmt"/>
          <line num="16" count="5" type="cond" truecount="2" falsecount="0"/>
          <line num="17" count="1" type="stmt"/>
          <line num="18" count="1" type="stmt"/>
          <line num="21" count="4" type="cond" truecount="2" falsecount="0"/>
          <line num="22" count="1" type="stmt"/>
          <line num="23" count="1" type="stmt"/>
          <line num="26" count="3" type="cond" truecount="1" falsecount="1"/>
          <line num="27" count="3" type="stmt"/>
          <line num="28" count="3" type="stmt"/>
          <line num="31" count="0" type="cond" truecount="0" falsecount="2"/>
          <line num="32" count="0" type="stmt"/>
          <line num="33" count="0" type="stmt"/>
        </file>
        <file name="logger.js" path="/Users/DaltonCarr/codefellows/401/lab-assignments/13-14-Relational-Modeling/lib/logger.js">
          <metrics statements="4" coveredstatements="4" conditionals="0" coveredconditionals="0" methods="0" coveredmethods="0"/>
          <line num="4" count="1" type="stmt"/>
          <line num="5" count="1" type="stmt"/>
          <line num="7" count="1" type="stmt"/>
          <line num="17" count="1" type="stmt"/>
        </file>
        <file name="server.js" path="/Users/DaltonCarr/codefellows/401/lab-assignments/13-14-Relational-Modeling/lib/server.js">
          <metrics statements="39" coveredstatements="31" conditionals="6" coveredconditionals="3" methods="9" coveredmethods="8"/>
          <line num="3" count="1" type="stmt"/>
          <line num="4" count="1" type="stmt"/>
          <line num="5" count="1" type="stmt"/>
          <line num="6" count="1" type="stmt"/>
          <line num="8" count="1" type="stmt"/>
          <line num="9" count="1" type="stmt"/>
          <line num="10" count="1" type="stmt"/>
          <line num="12" count="1" type="stmt"/>
          <line num="14" count="1" type="stmt"/>
          <line num="16" count="1" type="stmt"/>
          <line num="17" count="0" type="stmt"/>
          <line num="18" count="0" type="stmt"/>
          <line num="21" count="1" type="stmt"/>
          <line num="23" count="1" type="stmt"/>
          <line num="25" count="1" type="stmt"/>
          <line num="26" count="1" type="stmt"/>
          <line num="27" count="1" type="cond" truecount="1" falsecount="1"/>
          <line num="28" count="0" type="stmt"/>
          <line num="29" count="0" type="stmt"/>
          <line num="31" count="1" type="stmt"/>
          <line num="32" count="1" type="stmt"/>
          <line num="33" count="1" type="stmt"/>
          <line num="34" count="1" type="stmt"/>
          <line num="35" count="1" type="stmt"/>
          <line num="38" count="1" type="stmt"/>
          <line num="41" count="1" type="stmt"/>
          <line num="42" count="1" type="stmt"/>
          <line num="43" count="1" type="cond" truecount="1" falsecount="1"/>
          <line num="44" count="0" type="stmt"/>
          <line num="45" count="0" type="stmt"/>
          <line num="48" count="1" type="cond" truecount="1" falsecount="1"/>
          <line num="49" count="0" type="stmt"/>
          <line num="50" count="0" type="stmt"/>
          <line num="52" count="1" type="stmt"/>
          <line num="53" count="1" type="stmt"/>
          <line num="54" count="1" type="stmt"/>
          <line num="55" count="1" type="stmt"/>
          <line num="56" count="1" type="stmt"/>
          <line num="59" count="1" type="stmt"/>
        </file>
      </package>
      <package name="model">
        <metrics statements="3" coveredstatements="3" conditionals="0" coveredconditionals="0" methods="0" coveredmethods="0"/>
        <file name="wizard.js" path="/Users/DaltonCarr/codefellows/401/lab-assignments/13-14-Relational-Modeling/model/wizard.js">
          <metrics statements="3" coveredstatements="3" conditionals="0" coveredconditionals="0" methods="0" coveredmethods="0"/>
          <line num="3" count="1" type="stmt"/>
          <line num="5" count="1" type="stmt"/>
          <line num="23" count="1" type="stmt"/>
        </file>
      </package>
      <package name="route">
        <metrics statements="44" coveredstatements="41" conditionals="10" coveredconditionals="7" methods="12" coveredmethods="12"/>
        <file name="wizard-router.js" path="/Users/DaltonCarr/codefellows/401/lab-assignments/13-14-Relational-Modeling/route/wizard-router.js">
          <metrics statements="44" coveredstatements="41" conditionals="10" coveredconditionals="7" methods="12" coveredmethods="12"/>
          <line num="3" count="1" type="stmt"/>
          <line num="4" count="1" type="stmt"/>
          <line num="6" count="1" type="stmt"/>
          <line num="7" count="1" type="stmt"/>
          <line num="8" count="1" type="stmt"/>
          <line num="10" count="1" type="stmt"/>
          <line num="12" count="1" type="stmt"/>
          <line num="13" count="5" type="stmt"/>
          <line num="15" count="5" type="cond" truecount="4" falsecount="0"/>
          <line num="16" count="1" type="stmt"/>
          <line num="19" count="4" type="stmt"/>
          <line num="20" count="2" type="stmt"/>
          <line num="24" count="1" type="stmt"/>
          <line num="25" count="2" type="stmt"/>
          <line num="27" count="2" type="stmt"/>
          <line num="29" count="1" type="cond" truecount="1" falsecount="1"/>
          <line num="30" count="0" type="stmt"/>
          <line num="32" count="1" type="stmt"/>
          <line num="33" count="1" type="stmt"/>
          <line num="36" count="1" type="stmt"/>
          <line num="37" count="1" type="stmt"/>
          <line num="38" count="1" type="stmt"/>
          <line num="40" count="1" type="stmt"/>
          <line num="43" count="1" type="stmt"/>
          <line num="44" count="2" type="stmt"/>
          <line num="46" count="2" type="stmt"/>
          <line num="48" count="1" type="cond" truecount="1" falsecount="1"/>
          <line num="49" count="0" type="stmt"/>
          <line num="51" count="1" type="stmt"/>
          <line num="52" count="1" type="stmt"/>
          <line num="56" count="1" type="stmt"/>
          <line num="57" count="1" type="stmt"/>
          <line num="58" count="1" type="stmt"/>
          <line num="61" count="1" type="stmt"/>
          <line num="62" count="2" type="stmt"/>
          <line num="63" count="2" type="stmt"/>
          <line num="65" count="2" type="stmt"/>
          <line num="67" count="1" type="cond" truecount="1" falsecount="1"/>
          <line num="68" count="0" type="stmt"/>
          <line num="70" count="1" type="stmt"/>
          <line num="71" count="1" type="stmt"/>
          <line num="75" count="1" type="stmt"/>
          <line num="76" count="1" type="stmt"/>
          <line num="77" count="1" type="stmt"/>
        </file>
      </package>
    </metrics>
  </project>
</coverage>
