<?xml version="1.0" encoding="UTF-8"?>
<coverage generated="1513361299346" clover="3.2.0">
  <project timestamp="1513361299346" name="All files">
    <metrics statements="203" coveredstatements="171" conditionals="47" coveredconditionals="26" methods="52" coveredmethods="44" elements="302" coveredelements="241" complexity="0" loc="203" ncloc="203" packages="4" files="11" classes="11">
      <package name="__test__.lib">
        <metrics statements="31" coveredstatements="29" conditionals="0" coveredconditionals="0" methods="12" coveredmethods="10"/>
        <file name="category-mock.js" path="/Users/DaltonCarr/codefellows/401/lab-assignments/13-14-Relational-Modeling/__test__/lib/category-mock.js">
          <metrics statements="9" coveredstatements="7" conditionals="0" coveredconditionals="0" methods="4" coveredmethods="2"/>
          <line num="3" count="2" type="stmt"/>
          <line num="4" count="2" type="stmt"/>
          <line num="6" count="2" type="stmt"/>
          <line num="8" count="2" type="stmt"/>
          <line num="9" count="11" type="stmt"/>
          <line num="15" count="2" type="stmt"/>
          <line num="16" count="0" type="stmt"/>
          <line num="17" count="0" type="stmt"/>
          <line num="20" count="24" type="stmt"/>
        </file>
        <file name="setup.js" path="/Users/DaltonCarr/codefellows/401/lab-assignments/13-14-Relational-Modeling/__test__/lib/setup.js">
          <metrics statements="2" coveredstatements="2" conditionals="0" coveredconditionals="0" methods="0" coveredmethods="0"/>
          <line num="3" count="2" type="stmt"/>
          <line num="4" count="2" type="stmt"/>
        </file>
        <file name="wizard-mock.js" path="/Users/DaltonCarr/codefellows/401/lab-assignments/13-14-Relational-Modeling/__test__/lib/wizard-mock.js">
          <metrics statements="20" coveredstatements="20" conditionals="0" coveredconditionals="0" methods="8" coveredmethods="8"/>
          <line num="3" count="1" type="stmt"/>
          <line num="4" count="1" type="stmt"/>
          <line num="5" count="1" type="stmt"/>
          <line num="7" count="1" type="stmt"/>
          <line num="9" count="1" type="stmt"/>
          <line num="10" count="3" type="stmt"/>
          <line num="12" count="3" type="stmt"/>
          <line num="14" count="3" type="stmt"/>
          <line num="16" count="3" type="stmt"/>
          <line num="23" count="3" type="stmt"/>
          <line num="24" count="3" type="stmt"/>
          <line num="28" count="1" type="stmt"/>
          <line num="29" count="1" type="stmt"/>
          <line num="31" count="1" type="stmt"/>
          <line num="33" count="1" type="stmt"/>
          <line num="34" count="1" type="stmt"/>
          <line num="37" count="100" type="stmt"/>
          <line num="45" count="1" type="stmt"/>
          <line num="46" count="1" type="stmt"/>
          <line num="50" count="13" type="stmt"/>
        </file>
      </package>
      <package name="lib">
        <metrics statements="70" coveredstatements="59" conditionals="16" coveredconditionals="9" methods="11" coveredmethods="11"/>
        <file name="error-middleware.js" path="/Users/DaltonCarr/codefellows/401/lab-assignments/13-14-Relational-Modeling/lib/error-middleware.js">
          <metrics statements="20" coveredstatements="15" conditionals="10" coveredconditionals="6" methods="1" coveredmethods="1"/>
          <line num="3" count="2" type="stmt"/>
          <line num="5" count="2" type="stmt"/>
          <line num="6" count="10" type="stmt"/>
          <line num="7" count="10" type="stmt"/>
          <line num="9" count="10" type="cond" truecount="2" falsecount="0"/>
          <line num="10" count="5" type="stmt"/>
          <line num="11" count="5" type="stmt"/>
          <line num="14" count="5" type="stmt"/>
          <line num="16" count="5" type="cond" truecount="2" falsecount="0"/>
          <line num="17" count="1" type="stmt"/>
          <line num="18" count="1" type="stmt"/>
          <line num="21" count="4" type="cond" truecount="1" falsecount="1"/>
          <line num="22" count="0" type="stmt"/>
          <line num="23" count="0" type="stmt"/>
          <line num="26" count="4" type="cond" truecount="1" falsecount="1"/>
          <line num="27" count="4" type="stmt"/>
          <line num="28" count="4" type="stmt"/>
          <line num="31" count="0" type="cond" truecount="0" falsecount="2"/>
          <line num="32" count="0" type="stmt"/>
          <line num="33" count="0" type="stmt"/>
        </file>
        <file name="logger-middleware.js" path="/Users/DaltonCarr/codefellows/401/lab-assignments/13-14-Relational-Modeling/lib/logger-middleware.js">
          <metrics statements="5" coveredstatements="5" conditionals="0" coveredconditionals="0" methods="1" coveredmethods="1"/>
          <line num="3" count="2" type="stmt"/>
          <line num="5" count="2" type="stmt"/>
          <line num="6" count="24" type="stmt"/>
          <line num="7" count="24" type="stmt"/>
          <line num="8" count="24" type="stmt"/>
        </file>
        <file name="logger.js" path="/Users/DaltonCarr/codefellows/401/lab-assignments/13-14-Relational-Modeling/lib/logger.js">
          <metrics statements="4" coveredstatements="4" conditionals="0" coveredconditionals="0" methods="0" coveredmethods="0"/>
          <line num="4" count="2" type="stmt"/>
          <line num="5" count="2" type="stmt"/>
          <line num="7" count="2" type="stmt"/>
          <line num="17" count="2" type="stmt"/>
        </file>
        <file name="server.js" path="/Users/DaltonCarr/codefellows/401/lab-assignments/13-14-Relational-Modeling/lib/server.js">
          <metrics statements="41" coveredstatements="35" conditionals="6" coveredconditionals="3" methods="9" coveredmethods="9"/>
          <line num="3" count="2" type="stmt"/>
          <line num="4" count="2" type="stmt"/>
          <line num="5" count="2" type="stmt"/>
          <line num="6" count="2" type="stmt"/>
          <line num="8" count="2" type="stmt"/>
          <line num="9" count="2" type="stmt"/>
          <line num="10" count="2" type="stmt"/>
          <line num="12" count="2" type="stmt"/>
          <line num="15" count="2" type="stmt"/>
          <line num="16" count="2" type="stmt"/>
          <line num="17" count="2" type="stmt"/>
          <line num="19" count="2" type="stmt"/>
          <line num="20" count="3" type="stmt"/>
          <line num="21" count="3" type="stmt"/>
          <line num="24" count="2" type="stmt"/>
          <line num="26" count="2" type="stmt"/>
          <line num="28" count="2" type="stmt"/>
          <line num="29" count="2" type="stmt"/>
          <line num="30" count="2" type="cond" truecount="1" falsecount="1"/>
          <line num="31" count="0" type="stmt"/>
          <line num="32" count="0" type="stmt"/>
          <line num="34" count="2" type="stmt"/>
          <line num="35" count="2" type="stmt"/>
          <line num="36" count="2" type="stmt"/>
          <line num="37" count="2" type="stmt"/>
          <line num="38" count="2" type="stmt"/>
          <line num="41" count="2" type="stmt"/>
          <line num="44" count="2" type="stmt"/>
          <line num="45" count="2" type="stmt"/>
          <line num="46" count="2" type="cond" truecount="1" falsecount="1"/>
          <line num="47" count="0" type="stmt"/>
          <line num="48" count="0" type="stmt"/>
          <line num="51" count="2" type="cond" truecount="1" falsecount="1"/>
          <line num="52" count="0" type="stmt"/>
          <line num="53" count="0" type="stmt"/>
          <line num="55" count="2" type="stmt"/>
          <line num="56" count="2" type="stmt"/>
          <line num="57" count="2" type="stmt"/>
          <line num="58" count="2" type="stmt"/>
          <line num="59" count="2" type="stmt"/>
          <line num="62" count="2" type="stmt"/>
        </file>
      </package>
      <package name="model">
        <metrics statements="25" coveredstatements="17" conditionals="4" coveredconditionals="1" methods="9" coveredmethods="5"/>
        <file name="category.js" path="/Users/DaltonCarr/codefellows/401/lab-assignments/13-14-Relational-Modeling/model/category.js">
          <metrics statements="4" coveredstatements="4" conditionals="0" coveredconditionals="0" methods="1" coveredmethods="1"/>
          <line num="3" count="2" type="stmt"/>
          <line num="5" count="2" type="stmt"/>
          <line num="12" count="120" type="stmt"/>
          <line num="20" count="2" type="stmt"/>
        </file>
        <file name="wizard.js" path="/Users/DaltonCarr/codefellows/401/lab-assignments/13-14-Relational-Modeling/model/wizard.js">
          <metrics statements="21" coveredstatements="13" conditionals="4" coveredconditionals="1" methods="8" coveredmethods="4"/>
          <line num="3" count="2" type="stmt"/>
          <line num="4" count="2" type="stmt"/>
          <line num="5" count="2" type="stmt"/>
          <line num="7" count="2" type="stmt"/>
          <line num="19" count="117" type="stmt"/>
          <line num="31" count="2" type="stmt"/>
          <line num="33" count="104" type="stmt"/>
          <line num="35" count="104" type="cond" truecount="1" falsecount="1"/>
          <line num="36" count="0" type="stmt"/>
          <line num="38" count="104" type="stmt"/>
          <line num="39" count="104" type="stmt"/>
          <line num="41" count="104" type="stmt"/>
          <line num="45" count="2" type="stmt"/>
          <line num="46" count="0" type="stmt"/>
          <line num="48" count="0" type="cond" truecount="0" falsecount="2"/>
          <line num="49" count="0" type="stmt"/>
          <line num="51" count="0" type="stmt"/>
          <line num="52" count="0" type="stmt"/>
          <line num="54" count="0" type="stmt"/>
          <line num="56" count="0" type="stmt"/>
          <line num="61" count="2" type="stmt"/>
        </file>
      </package>
      <package name="route">
        <metrics statements="77" coveredstatements="66" conditionals="27" coveredconditionals="16" methods="20" coveredmethods="18"/>
        <file name="category-router.js" path="/Users/DaltonCarr/codefellows/401/lab-assignments/13-14-Relational-Modeling/route/category-router.js">
          <metrics statements="26" coveredstatements="23" conditionals="8" coveredconditionals="5" methods="8" coveredmethods="8"/>
          <line num="3" count="2" type="stmt"/>
          <line num="4" count="2" type="stmt"/>
          <line num="5" count="2" type="stmt"/>
          <line num="6" count="2" type="stmt"/>
          <line num="8" count="2" type="stmt"/>
          <line num="10" count="2" type="stmt"/>
          <line num="11" count="4" type="cond" truecount="2" falsecount="0"/>
          <line num="12" count="3" type="stmt"/>
          <line num="14" count="1" type="stmt"/>
          <line num="15" count="1" type="stmt"/>
          <line num="19" count="2" type="stmt"/>
          <line num="20" count="3" type="stmt"/>
          <line num="22" count="3" type="stmt"/>
          <line num="24" count="2" type="cond" truecount="1" falsecount="1"/>
          <line num="25" count="0" type="stmt"/>
          <line num="26" count="2" type="stmt"/>
          <line num="31" count="2" type="stmt"/>
          <line num="32" count="1" type="stmt"/>
          <line num="34" count="1" type="cond" truecount="1" falsecount="1"/>
          <line num="35" count="0" type="stmt"/>
          <line num="36" count="1" type="stmt"/>
          <line num="42" count="2" type="stmt"/>
          <line num="43" count="2" type="stmt"/>
          <line num="45" count="1" type="cond" truecount="1" falsecount="1"/>
          <line num="46" count="0" type="stmt"/>
          <line num="48" count="1" type="stmt"/>
        </file>
        <file name="wizard-router.js" path="/Users/DaltonCarr/codefellows/401/lab-assignments/13-14-Relational-Modeling/route/wizard-router.js">
          <metrics statements="51" coveredstatements="43" conditionals="19" coveredconditionals="11" methods="12" coveredmethods="10"/>
          <line num="3" count="2" type="stmt"/>
          <line num="4" count="2" type="stmt"/>
          <line num="6" count="2" type="stmt"/>
          <line num="7" count="2" type="stmt"/>
          <line num="8" count="2" type="stmt"/>
          <line num="10" count="2" type="stmt"/>
          <line num="12" count="2" type="stmt"/>
          <line num="13" count="4" type="stmt"/>
          <line num="15" count="4" type="cond" truecount="4" falsecount="0"/>
          <line num="16" count="2" type="stmt"/>
          <line num="19" count="2" type="stmt"/>
          <line num="20" count="1" type="stmt"/>
          <line num="24" count="2" type="stmt"/>
          <line num="25" count="0" type="stmt"/>
          <line num="28" count="0" type="cond" truecount="0" falsecount="2"/>
          <line num="29" count="0" type="stmt"/>
          <line num="31" count="0" type="stmt"/>
          <line num="32" count="0" type="stmt"/>
          <line num="36" count="2" type="stmt"/>
          <line num="37" count="1" type="stmt"/>
          <line num="38" count="1" type="cond" truecount="1" falsecount="0"/>
          <line num="39" count="1" type="stmt"/>
          <line num="41" count="1" type="cond" truecount="1" falsecount="1"/>
          <line num="42" count="0" type="stmt"/>
          <line num="44" count="1" type="cond" truecount="1" falsecount="1"/>
          <line num="46" count="1" type="stmt"/>
          <line num="48" count="1" type="stmt"/>
          <line num="52" count="1" type="stmt"/>
          <line num="53" count="1" type="stmt"/>
          <line num="56" count="1" type="stmt"/>
          <line num="60" count="1" type="stmt"/>
          <line num="61" count="1" type="stmt"/>
          <line num="67" count="1" type="stmt"/>
          <line num="72" count="2" type="stmt"/>
          <line num="73" count="2" type="stmt"/>
          <line num="75" count="2" type="stmt"/>
          <line num="77" count="1" type="cond" truecount="1" falsecount="1"/>
          <line num="78" count="0" type="stmt"/>
          <line num="80" count="1" type="stmt"/>
          <line num="81" count="1" type="stmt"/>
          <line num="85" count="2" type="stmt"/>
          <line num="86" count="2" type="stmt"/>
          <line num="87" count="2" type="stmt"/>
          <line num="90" count="2" type="stmt"/>
          <line num="91" count="2" type="stmt"/>
          <line num="92" count="2" type="stmt"/>
          <line num="94" count="2" type="stmt"/>
          <line num="96" count="1" type="cond" truecount="1" falsecount="1"/>
          <line num="97" count="0" type="stmt"/>
          <line num="99" count="1" type="stmt"/>
          <line num="100" count="1" type="stmt"/>
        </file>
      </package>
    </metrics>
  </project>
</coverage>
