{"/Users/DaltonCarr/codefellows/401/lab-assignments/13-14-Relational-Modeling/__test__/lib/category-mock.js": {"path":"/Users/DaltonCarr/codefellows/401/lab-assignments/13-14-Relational-Modeling/__test__/lib/category-mock.js","statementMap":{"0":{"start":{"line":3,"column":14},"end":{"line":3,"column":30}},"1":{"start":{"line":4,"column":17},"end":{"line":4,"column":48}},"2":{"start":{"line":6,"column":21},"end":{"line":6,"column":40}},"3":{"start":{"line":8,"column":0},"end":{"line":13,"column":2}},"4":{"start":{"line":9,"column":2},"end":{"line":12,"column":12}},"5":{"start":{"line":15,"column":0},"end":{"line":18,"column":2}},"6":{"start":{"line":16,"column":2},"end":{"line":17,"column":39}},"7":{"start":{"line":17,"column":15},"end":{"line":17,"column":36}},"8":{"start":{"line":20,"column":0},"end":{"line":20,"column":48}},"9":{"start":{"line":20,"column":28},"end":{"line":20,"column":47}}},"fnMap":{"0":{"name":"(anonymous_0)","decl":{"start":{"line":8,"column":22},"end":{"line":8,"column":23}},"loc":{"start":{"line":8,"column":28},"end":{"line":13,"column":1}},"line":8},"1":{"name":"(anonymous_1)","decl":{"start":{"line":15,"column":26},"end":{"line":15,"column":27}},"loc":{"start":{"line":15,"column":39},"end":{"line":18,"column":1}},"line":15},"2":{"name":"(anonymous_2)","decl":{"start":{"line":17,"column":9},"end":{"line":17,"column":10}},"loc":{"start":{"line":17,"column":15},"end":{"line":17,"column":36}},"line":17},"3":{"name":"(anonymous_3)","decl":{"start":{"line":20,"column":22},"end":{"line":20,"column":23}},"loc":{"start":{"line":20,"column":28},"end":{"line":20,"column":47}},"line":20}},"branchMap":{},"s":{"0":1,"1":1,"2":1,"3":1,"4":1,"5":1,"6":0,"7":0,"8":1,"9":1},"f":{"0":1,"1":0,"2":0,"3":1},"b":{},"_coverageSchema":"332fd63041d2c1bcb487cc26dd0d5f7d97098a6c","hash":"83ab2c5aa777765cea2c8b8508ef9d0c92e4baed"}
,"/Users/DaltonCarr/codefellows/401/lab-assignments/13-14-Relational-Modeling/__test__/lib/setup.js": {"path":"/Users/DaltonCarr/codefellows/401/lab-assignments/13-14-Relational-Modeling/__test__/lib/setup.js","statementMap":{"0":{"start":{"line":3,"column":0},"end":{"line":3,"column":24}},"1":{"start":{"line":4,"column":0},"end":{"line":4,"column":56}}},"fnMap":{},"branchMap":{},"s":{"0":1,"1":1},"f":{},"b":{},"_coverageSchema":"332fd63041d2c1bcb487cc26dd0d5f7d97098a6c","hash":"da038e60788f225e2642bb3f479d327f661b8a04"}
,"/Users/DaltonCarr/codefellows/401/lab-assignments/13-14-Relational-Modeling/__test__/lib/wizard-mock.js": {"path":"/Users/DaltonCarr/codefellows/401/lab-assignments/13-14-Relational-Modeling/__test__/lib/wizard-mock.js","statementMap":{"0":{"start":{"line":3,"column":14},"end":{"line":3,"column":30}},"1":{"start":{"line":4,"column":21},"end":{"line":4,"column":47}},"2":{"start":{"line":5,"column":15},"end":{"line":5,"column":44}},"3":{"start":{"line":7,"column":19},"end":{"line":7,"column":38}},"4":{"start":{"line":9,"column":0},"end":{"line":26,"column":2}},"5":{"start":{"line":10,"column":13},"end":{"line":10,"column":15}},"6":{"start":{"line":12,"column":2},"end":{"line":25,"column":7}},"7":{"start":{"line":14,"column":6},"end":{"line":14,"column":31}},"8":{"start":{"line":16,"column":6},"end":{"line":20,"column":16}},"9":{"start":{"line":23,"column":6},"end":{"line":23,"column":27}},"10":{"start":{"line":24,"column":6},"end":{"line":24,"column":18}},"11":{"start":{"line":28,"column":0},"end":{"line":48,"column":2}},"12":{"start":{"line":29,"column":13},"end":{"line":29,"column":15}},"13":{"start":{"line":31,"column":2},"end":{"line":47,"column":7}},"14":{"start":{"line":33,"column":6},"end":{"line":33,"column":31}},"15":{"start":{"line":34,"column":6},"end":{"line":42,"column":12}},"16":{"start":{"line":37,"column":10},"end":{"line":41,"column":20}},"17":{"start":{"line":45,"column":6},"end":{"line":45,"column":29}},"18":{"start":{"line":46,"column":6},"end":{"line":46,"column":18}},"19":{"start":{"line":50,"column":0},"end":{"line":53,"column":3}},"20":{"start":{"line":50,"column":26},"end":{"line":53,"column":2}}},"fnMap":{"0":{"name":"(anonymous_0)","decl":{"start":{"line":9,"column":20},"end":{"line":9,"column":21}},"loc":{"start":{"line":9,"column":26},"end":{"line":26,"column":1}},"line":9},"1":{"name":"(anonymous_1)","decl":{"start":{"line":13,"column":10},"end":{"line":13,"column":11}},"loc":{"start":{"line":13,"column":22},"end":{"line":21,"column":5}},"line":13},"2":{"name":"(anonymous_2)","decl":{"start":{"line":22,"column":10},"end":{"line":22,"column":11}},"loc":{"start":{"line":22,"column":20},"end":{"line":25,"column":5}},"line":22},"3":{"name":"(anonymous_3)","decl":{"start":{"line":28,"column":24},"end":{"line":28,"column":25}},"loc":{"start":{"line":28,"column":37},"end":{"line":48,"column":1}},"line":28},"4":{"name":"(anonymous_4)","decl":{"start":{"line":32,"column":10},"end":{"line":32,"column":11}},"loc":{"start":{"line":32,"column":22},"end":{"line":43,"column":5}},"line":32},"5":{"name":"(anonymous_5)","decl":{"start":{"line":36,"column":13},"end":{"line":36,"column":14}},"loc":{"start":{"line":36,"column":19},"end":{"line":42,"column":9}},"line":36},"6":{"name":"(anonymous_6)","decl":{"start":{"line":44,"column":10},"end":{"line":44,"column":11}},"loc":{"start":{"line":44,"column":21},"end":{"line":47,"column":5}},"line":44},"7":{"name":"(anonymous_7)","decl":{"start":{"line":50,"column":20},"end":{"line":50,"column":21}},"loc":{"start":{"line":50,"column":26},"end":{"line":53,"column":2}},"line":50}},"branchMap":{},"s":{"0":1,"1":1,"2":1,"3":1,"4":1,"5":0,"6":0,"7":0,"8":0,"9":0,"10":0,"11":1,"12":0,"13":0,"14":0,"15":0,"16":0,"17":0,"18":0,"19":1,"20":1},"f":{"0":0,"1":0,"2":0,"3":0,"4":0,"5":0,"6":0,"7":1},"b":{},"_coverageSchema":"332fd63041d2c1bcb487cc26dd0d5f7d97098a6c","hash":"29d2769091b7c0494c05fb9c1bbbc14b093f3585"}
,"/Users/DaltonCarr/codefellows/401/lab-assignments/13-14-Relational-Modeling/lib/error-middleware.js": {"path":"/Users/DaltonCarr/codefellows/401/lab-assignments/13-14-Relational-Modeling/lib/error-middleware.js","statementMap":{"0":{"start":{"line":3,"column":15},"end":{"line":3,"column":34}},"1":{"start":{"line":5,"column":0},"end":{"line":35,"column":2}},"2":{"start":{"line":6,"column":2},"end":{"line":6,"column":45}},"3":{"start":{"line":7,"column":2},"end":{"line":7,"column":28}},"4":{"start":{"line":9,"column":2},"end":{"line":12,"column":3}},"5":{"start":{"line":10,"column":4},"end":{"line":10,"column":97}},"6":{"start":{"line":11,"column":4},"end":{"line":11,"column":45}},"7":{"start":{"line":14,"column":16},"end":{"line":14,"column":43}},"8":{"start":{"line":16,"column":2},"end":{"line":19,"column":3}},"9":{"start":{"line":17,"column":4},"end":{"line":17,"column":60}},"10":{"start":{"line":18,"column":4},"end":{"line":18,"column":36}},"11":{"start":{"line":21,"column":2},"end":{"line":24,"column":3}},"12":{"start":{"line":22,"column":4},"end":{"line":22,"column":60}},"13":{"start":{"line":23,"column":4},"end":{"line":23,"column":36}},"14":{"start":{"line":26,"column":2},"end":{"line":29,"column":3}},"15":{"start":{"line":27,"column":4},"end":{"line":27,"column":60}},"16":{"start":{"line":28,"column":4},"end":{"line":28,"column":36}},"17":{"start":{"line":31,"column":2},"end":{"line":34,"column":3}},"18":{"start":{"line":32,"column":4},"end":{"line":32,"column":60}},"19":{"start":{"line":33,"column":4},"end":{"line":33,"column":36}}},"fnMap":{"0":{"name":"(anonymous_0)","decl":{"start":{"line":5,"column":17},"end":{"line":5,"column":18}},"loc":{"start":{"line":5,"column":53},"end":{"line":35,"column":1}},"line":5}},"branchMap":{"0":{"loc":{"start":{"line":9,"column":2},"end":{"line":12,"column":3}},"type":"if","locations":[{"start":{"line":9,"column":2},"end":{"line":12,"column":3}},{"start":{"line":9,"column":2},"end":{"line":12,"column":3}}],"line":9},"1":{"loc":{"start":{"line":16,"column":2},"end":{"line":19,"column":3}},"type":"if","locations":[{"start":{"line":16,"column":2},"end":{"line":19,"column":3}},{"start":{"line":16,"column":2},"end":{"line":19,"column":3}}],"line":16},"2":{"loc":{"start":{"line":21,"column":2},"end":{"line":24,"column":3}},"type":"if","locations":[{"start":{"line":21,"column":2},"end":{"line":24,"column":3}},{"start":{"line":21,"column":2},"end":{"line":24,"column":3}}],"line":21},"3":{"loc":{"start":{"line":26,"column":2},"end":{"line":29,"column":3}},"type":"if","locations":[{"start":{"line":26,"column":2},"end":{"line":29,"column":3}},{"start":{"line":26,"column":2},"end":{"line":29,"column":3}}],"line":26},"4":{"loc":{"start":{"line":31,"column":2},"end":{"line":34,"column":3}},"type":"if","locations":[{"start":{"line":31,"column":2},"end":{"line":34,"column":3}},{"start":{"line":31,"column":2},"end":{"line":34,"column":3}}],"line":31}},"s":{"0":1,"1":1,"2":0,"3":0,"4":0,"5":0,"6":0,"7":0,"8":0,"9":0,"10":0,"11":0,"12":0,"13":0,"14":0,"15":0,"16":0,"17":0,"18":0,"19":0},"f":{"0":0},"b":{"0":[0,0],"1":[0,0],"2":[0,0],"3":[0,0],"4":[0,0]},"_coverageSchema":"332fd63041d2c1bcb487cc26dd0d5f7d97098a6c","hash":"86b770814121dbdd28d74b28f10a5288d3ccd893"}
,"/Users/DaltonCarr/codefellows/401/lab-assignments/13-14-Relational-Modeling/lib/logger.js": {"path":"/Users/DaltonCarr/codefellows/401/lab-assignments/13-14-Relational-Modeling/lib/logger.js","statementMap":{"0":{"start":{"line":4,"column":16},"end":{"line":4,"column":34}},"1":{"start":{"line":5,"column":22},"end":{"line":5,"column":75}},"2":{"start":{"line":7,"column":15},"end":{"line":15,"column":2}},"3":{"start":{"line":17,"column":0},"end":{"line":17,"column":24}}},"fnMap":{},"branchMap":{},"s":{"0":1,"1":1,"2":1,"3":1},"f":{},"b":{},"_coverageSchema":"332fd63041d2c1bcb487cc26dd0d5f7d97098a6c","hash":"93c2b36bb2743ddc91537d796d7fa2523d8ea53b"}
,"/Users/DaltonCarr/codefellows/401/lab-assignments/13-14-Relational-Modeling/lib/server.js": {"path":"/Users/DaltonCarr/codefellows/401/lab-assignments/13-14-Relational-Modeling/lib/server.js","statementMap":{"0":{"start":{"line":3,"column":16},"end":{"line":3,"column":34}},"1":{"start":{"line":4,"column":17},"end":{"line":4,"column":36}},"2":{"start":{"line":5,"column":15},"end":{"line":5,"column":34}},"3":{"start":{"line":6,"column":0},"end":{"line":6,"column":27}},"4":{"start":{"line":8,"column":12},"end":{"line":8,"column":21}},"5":{"start":{"line":9,"column":17},"end":{"line":9,"column":22}},"6":{"start":{"line":10,"column":17},"end":{"line":10,"column":21}},"7":{"start":{"line":12,"column":0},"end":{"line":12,"column":27}},"8":{"start":{"line":14,"column":0},"end":{"line":14,"column":43}},"9":{"start":{"line":16,"column":0},"end":{"line":19,"column":3}},"10":{"start":{"line":17,"column":2},"end":{"line":17,"column":64}},"11":{"start":{"line":18,"column":2},"end":{"line":18,"column":34}},"12":{"start":{"line":21,"column":0},"end":{"line":21,"column":39}},"13":{"start":{"line":23,"column":15},"end":{"line":23,"column":34}},"14":{"start":{"line":25,"column":0},"end":{"line":39,"column":2}},"15":{"start":{"line":26,"column":2},"end":{"line":38,"column":85}},"16":{"start":{"line":27,"column":4},"end":{"line":30,"column":5}},"17":{"start":{"line":28,"column":6},"end":{"line":28,"column":66}},"18":{"start":{"line":29,"column":6},"end":{"line":29,"column":72}},"19":{"start":{"line":31,"column":4},"end":{"line":36,"column":7}},"20":{"start":{"line":32,"column":6},"end":{"line":32,"column":24}},"21":{"start":{"line":33,"column":6},"end":{"line":33,"column":69}},"22":{"start":{"line":34,"column":6},"end":{"line":34,"column":75}},"23":{"start":{"line":35,"column":6},"end":{"line":35,"column":23}},"24":{"start":{"line":38,"column":17},"end":{"line":38,"column":83}},"25":{"start":{"line":41,"column":0},"end":{"line":60,"column":2}},"26":{"start":{"line":42,"column":2},"end":{"line":59,"column":41}},"27":{"start":{"line":43,"column":4},"end":{"line":46,"column":5}},"28":{"start":{"line":44,"column":6},"end":{"line":44,"column":67}},"29":{"start":{"line":45,"column":6},"end":{"line":45,"column":73}},"30":{"start":{"line":48,"column":4},"end":{"line":51,"column":5}},"31":{"start":{"line":49,"column":6},"end":{"line":49,"column":73}},"32":{"start":{"line":50,"column":6},"end":{"line":50,"column":79}},"33":{"start":{"line":52,"column":4},"end":{"line":57,"column":7}},"34":{"start":{"line":53,"column":6},"end":{"line":53,"column":25}},"35":{"start":{"line":54,"column":6},"end":{"line":54,"column":24}},"36":{"start":{"line":55,"column":6},"end":{"line":55,"column":38}},"37":{"start":{"line":56,"column":6},"end":{"line":56,"column":23}},"38":{"start":{"line":59,"column":17},"end":{"line":59,"column":38}}},"fnMap":{"0":{"name":"(anonymous_0)","decl":{"start":{"line":16,"column":13},"end":{"line":16,"column":14}},"loc":{"start":{"line":16,"column":35},"end":{"line":19,"column":1}},"line":16},"1":{"name":"(anonymous_1)","decl":{"start":{"line":25,"column":15},"end":{"line":25,"column":16}},"loc":{"start":{"line":25,"column":21},"end":{"line":39,"column":1}},"line":25},"2":{"name":"(anonymous_2)","decl":{"start":{"line":26,"column":21},"end":{"line":26,"column":22}},"loc":{"start":{"line":26,"column":41},"end":{"line":37,"column":3}},"line":26},"3":{"name":"(anonymous_3)","decl":{"start":{"line":31,"column":46},"end":{"line":31,"column":47}},"loc":{"start":{"line":31,"column":52},"end":{"line":36,"column":5}},"line":31},"4":{"name":"(anonymous_4)","decl":{"start":{"line":38,"column":11},"end":{"line":38,"column":12}},"loc":{"start":{"line":38,"column":17},"end":{"line":38,"column":83}},"line":38},"5":{"name":"(anonymous_5)","decl":{"start":{"line":41,"column":14},"end":{"line":41,"column":15}},"loc":{"start":{"line":41,"column":20},"end":{"line":60,"column":1}},"line":41},"6":{"name":"(anonymous_6)","decl":{"start":{"line":42,"column":21},"end":{"line":42,"column":22}},"loc":{"start":{"line":42,"column":41},"end":{"line":58,"column":3}},"line":42},"7":{"name":"(anonymous_7)","decl":{"start":{"line":52,"column":21},"end":{"line":52,"column":22}},"loc":{"start":{"line":52,"column":27},"end":{"line":57,"column":5}},"line":52},"8":{"name":"(anonymous_8)","decl":{"start":{"line":59,"column":11},"end":{"line":59,"column":12}},"loc":{"start":{"line":59,"column":17},"end":{"line":59,"column":38}},"line":59}},"branchMap":{"0":{"loc":{"start":{"line":27,"column":4},"end":{"line":30,"column":5}},"type":"if","locations":[{"start":{"line":27,"column":4},"end":{"line":30,"column":5}},{"start":{"line":27,"column":4},"end":{"line":30,"column":5}}],"line":27},"1":{"loc":{"start":{"line":43,"column":4},"end":{"line":46,"column":5}},"type":"if","locations":[{"start":{"line":43,"column":4},"end":{"line":46,"column":5}},{"start":{"line":43,"column":4},"end":{"line":46,"column":5}}],"line":43},"2":{"loc":{"start":{"line":48,"column":4},"end":{"line":51,"column":5}},"type":"if","locations":[{"start":{"line":48,"column":4},"end":{"line":51,"column":5}},{"start":{"line":48,"column":4},"end":{"line":51,"column":5}}],"line":48}},"s":{"0":1,"1":1,"2":1,"3":1,"4":1,"5":1,"6":1,"7":1,"8":1,"9":1,"10":0,"11":0,"12":1,"13":1,"14":1,"15":1,"16":1,"17":0,"18":0,"19":1,"20":1,"21":1,"22":1,"23":1,"24":1,"25":1,"26":1,"27":1,"28":0,"29":0,"30":1,"31":0,"32":0,"33":1,"34":1,"35":1,"36":1,"37":1,"38":1},"f":{"0":0,"1":1,"2":1,"3":1,"4":1,"5":1,"6":1,"7":1,"8":1},"b":{"0":[0,1],"1":[0,1],"2":[0,1]},"_coverageSchema":"332fd63041d2c1bcb487cc26dd0d5f7d97098a6c","hash":"140f67cbbbbb4bede49cc4d02f1ce05ef7aebd78"}
,"/Users/DaltonCarr/codefellows/401/lab-assignments/13-14-Relational-Modeling/model/category.js": {"path":"/Users/DaltonCarr/codefellows/401/lab-assignments/13-14-Relational-Modeling/model/category.js","statementMap":{"0":{"start":{"line":3,"column":17},"end":{"line":3,"column":36}},"1":{"start":{"line":5,"column":23},"end":{"line":17,"column":2}},"2":{"start":{"line":12,"column":20},"end":{"line":12,"column":30}},"3":{"start":{"line":20,"column":0},"end":{"line":20,"column":60}}},"fnMap":{"0":{"name":"(anonymous_0)","decl":{"start":{"line":12,"column":14},"end":{"line":12,"column":15}},"loc":{"start":{"line":12,"column":20},"end":{"line":12,"column":30}},"line":12}},"branchMap":{},"s":{"0":1,"1":1,"2":1,"3":1},"f":{"0":1},"b":{},"_coverageSchema":"332fd63041d2c1bcb487cc26dd0d5f7d97098a6c","hash":"751b6a95e344b6205be8d50f08c161291b045c0a"}
,"/Users/DaltonCarr/codefellows/401/lab-assignments/13-14-Relational-Modeling/model/wizard.js": {"path":"/Users/DaltonCarr/codefellows/401/lab-assignments/13-14-Relational-Modeling/model/wizard.js","statementMap":{"0":{"start":{"line":3,"column":17},"end":{"line":3,"column":36}},"1":{"start":{"line":4,"column":17},"end":{"line":4,"column":38}},"2":{"start":{"line":5,"column":19},"end":{"line":5,"column":41}},"3":{"start":{"line":7,"column":21},"end":{"line":27,"column":2}},"4":{"start":{"line":20,"column":19},"end":{"line":20,"column":29}},"5":{"start":{"line":32,"column":0},"end":{"line":44,"column":3}},"6":{"start":{"line":34,"column":2},"end":{"line":43,"column":17}},"7":{"start":{"line":36,"column":6},"end":{"line":37,"column":51}},"8":{"start":{"line":37,"column":8},"end":{"line":37,"column":51}},"9":{"start":{"line":39,"column":6},"end":{"line":39,"column":43}},"10":{"start":{"line":40,"column":6},"end":{"line":40,"column":34}},"11":{"start":{"line":42,"column":16},"end":{"line":42,"column":22}},"12":{"start":{"line":46,"column":0},"end":{"line":59,"column":3}},"13":{"start":{"line":47,"column":2},"end":{"line":58,"column":17}},"14":{"start":{"line":49,"column":6},"end":{"line":50,"column":51}},"15":{"start":{"line":50,"column":8},"end":{"line":50,"column":51}},"16":{"start":{"line":52,"column":6},"end":{"line":54,"column":9}},"17":{"start":{"line":53,"column":8},"end":{"line":53,"column":65}},"18":{"start":{"line":55,"column":6},"end":{"line":55,"column":34}},"19":{"start":{"line":57,"column":16},"end":{"line":57,"column":22}},"20":{"start":{"line":62,"column":0},"end":{"line":62,"column":55}}},"fnMap":{"0":{"name":"(anonymous_0)","decl":{"start":{"line":20,"column":13},"end":{"line":20,"column":14}},"loc":{"start":{"line":20,"column":19},"end":{"line":20,"column":29}},"line":20},"1":{"name":"(anonymous_1)","decl":{"start":{"line":32,"column":24},"end":{"line":32,"column":25}},"loc":{"start":{"line":32,"column":38},"end":{"line":44,"column":1}},"line":32},"2":{"name":"(anonymous_2)","decl":{"start":{"line":35,"column":10},"end":{"line":35,"column":11}},"loc":{"start":{"line":35,"column":27},"end":{"line":41,"column":5}},"line":35},"3":{"name":"(anonymous_3)","decl":{"start":{"line":42,"column":10},"end":{"line":42,"column":11}},"loc":{"start":{"line":42,"column":16},"end":{"line":42,"column":22}},"line":42},"4":{"name":"(anonymous_4)","decl":{"start":{"line":46,"column":27},"end":{"line":46,"column":28}},"loc":{"start":{"line":46,"column":46},"end":{"line":59,"column":1}},"line":46},"5":{"name":"(anonymous_5)","decl":{"start":{"line":48,"column":10},"end":{"line":48,"column":11}},"loc":{"start":{"line":48,"column":27},"end":{"line":56,"column":5}},"line":48},"6":{"name":"(anonymous_6)","decl":{"start":{"line":52,"column":57},"end":{"line":52,"column":58}},"loc":{"start":{"line":52,"column":67},"end":{"line":54,"column":7}},"line":52},"7":{"name":"(anonymous_7)","decl":{"start":{"line":57,"column":10},"end":{"line":57,"column":11}},"loc":{"start":{"line":57,"column":16},"end":{"line":57,"column":22}},"line":57}},"branchMap":{"0":{"loc":{"start":{"line":36,"column":6},"end":{"line":37,"column":51}},"type":"if","locations":[{"start":{"line":36,"column":6},"end":{"line":37,"column":51}},{"start":{"line":36,"column":6},"end":{"line":37,"column":51}}],"line":36},"1":{"loc":{"start":{"line":49,"column":6},"end":{"line":50,"column":51}},"type":"if","locations":[{"start":{"line":49,"column":6},"end":{"line":50,"column":51}},{"start":{"line":49,"column":6},"end":{"line":50,"column":51}}],"line":49}},"s":{"0":1,"1":1,"2":1,"3":1,"4":0,"5":1,"6":0,"7":0,"8":0,"9":0,"10":0,"11":0,"12":1,"13":0,"14":0,"15":0,"16":0,"17":0,"18":0,"19":0,"20":1},"f":{"0":0,"1":0,"2":0,"3":0,"4":0,"5":0,"6":0,"7":0},"b":{"0":[0,0],"1":[0,0]},"_coverageSchema":"332fd63041d2c1bcb487cc26dd0d5f7d97098a6c","hash":"25ae735554164a9f75a18b8efb1a3a795794dfe2"}
,"/Users/DaltonCarr/codefellows/401/lab-assignments/13-14-Relational-Modeling/route/wizard-router.js": {"path":"/Users/DaltonCarr/codefellows/401/lab-assignments/13-14-Relational-Modeling/route/wizard-router.js","statementMap":{"0":{"start":{"line":3,"column":17},"end":{"line":3,"column":35}},"1":{"start":{"line":4,"column":19},"end":{"line":4,"column":48}},"2":{"start":{"line":6,"column":15},"end":{"line":6,"column":41}},"3":{"start":{"line":7,"column":15},"end":{"line":7,"column":39}},"4":{"start":{"line":8,"column":19},"end":{"line":8,"column":41}},"5":{"start":{"line":10,"column":21},"end":{"line":10,"column":50}},"6":{"start":{"line":12,"column":0},"end":{"line":22,"column":3}},"7":{"start":{"line":13,"column":2},"end":{"line":13,"column":52}},"8":{"start":{"line":15,"column":2},"end":{"line":17,"column":3}},"9":{"start":{"line":16,"column":4},"end":{"line":16,"column":66}},"10":{"start":{"line":19,"column":2},"end":{"line":21,"column":33}},"11":{"start":{"line":20,"column":20},"end":{"line":20,"column":41}},"12":{"start":{"line":21,"column":20},"end":{"line":21,"column":31}},"13":{"start":{"line":24,"column":0},"end":{"line":34,"column":3}},"14":{"start":{"line":25,"column":2},"end":{"line":33,"column":19}},"15":{"start":{"line":28,"column":6},"end":{"line":30,"column":7}},"16":{"start":{"line":29,"column":8},"end":{"line":29,"column":47}},"17":{"start":{"line":31,"column":6},"end":{"line":31,"column":62}},"18":{"start":{"line":32,"column":6},"end":{"line":32,"column":35}},"19":{"start":{"line":36,"column":0},"end":{"line":42,"column":3}},"20":{"start":{"line":37,"column":2},"end":{"line":37,"column":51}},"21":{"start":{"line":38,"column":2},"end":{"line":41,"column":19}},"22":{"start":{"line":40,"column":6},"end":{"line":40,"column":36}},"23":{"start":{"line":45,"column":0},"end":{"line":56,"column":3}},"24":{"start":{"line":46,"column":2},"end":{"line":46,"column":54}},"25":{"start":{"line":48,"column":2},"end":{"line":55,"column":19}},"26":{"start":{"line":50,"column":6},"end":{"line":52,"column":7}},"27":{"start":{"line":51,"column":8},"end":{"line":51,"column":50}},"28":{"start":{"line":53,"column":6},"end":{"line":53,"column":65}},"29":{"start":{"line":54,"column":6},"end":{"line":54,"column":38}},"30":{"start":{"line":58,"column":0},"end":{"line":61,"column":3}},"31":{"start":{"line":59,"column":2},"end":{"line":59,"column":71}},"32":{"start":{"line":60,"column":2},"end":{"line":60,"column":34}},"33":{"start":{"line":63,"column":0},"end":{"line":75,"column":3}},"34":{"start":{"line":64,"column":2},"end":{"line":64,"column":51}},"35":{"start":{"line":65,"column":16},"end":{"line":65,"column":49}},"36":{"start":{"line":67,"column":2},"end":{"line":74,"column":19}},"37":{"start":{"line":69,"column":6},"end":{"line":71,"column":7}},"38":{"start":{"line":70,"column":8},"end":{"line":70,"column":50}},"39":{"start":{"line":72,"column":6},"end":{"line":72,"column":62}},"40":{"start":{"line":73,"column":6},"end":{"line":73,"column":35}},"41":{"start":{"line":77,"column":0},"end":{"line":80,"column":3}},"42":{"start":{"line":78,"column":2},"end":{"line":78,"column":68}},"43":{"start":{"line":79,"column":2},"end":{"line":79,"column":34}}},"fnMap":{"0":{"name":"(anonymous_0)","decl":{"start":{"line":12,"column":46},"end":{"line":12,"column":47}},"loc":{"start":{"line":12,"column":74},"end":{"line":22,"column":1}},"line":12},"1":{"name":"(anonymous_1)","decl":{"start":{"line":20,"column":10},"end":{"line":20,"column":11}},"loc":{"start":{"line":20,"column":20},"end":{"line":20,"column":41}},"line":20},"2":{"name":"(anonymous_2)","decl":{"start":{"line":21,"column":11},"end":{"line":21,"column":12}},"loc":{"start":{"line":21,"column":20},"end":{"line":21,"column":31}},"line":21},"3":{"name":"(anonymous_3)","decl":{"start":{"line":24,"column":34},"end":{"line":24,"column":35}},"loc":{"start":{"line":24,"column":61},"end":{"line":34,"column":1}},"line":24},"4":{"name":"(anonymous_4)","decl":{"start":{"line":27,"column":10},"end":{"line":27,"column":11}},"loc":{"start":{"line":27,"column":20},"end":{"line":33,"column":5}},"line":27},"5":{"name":"(anonymous_5)","decl":{"start":{"line":36,"column":33},"end":{"line":36,"column":34}},"loc":{"start":{"line":36,"column":62},"end":{"line":42,"column":1}},"line":36},"6":{"name":"(anonymous_6)","decl":{"start":{"line":39,"column":10},"end":{"line":39,"column":11}},"loc":{"start":{"line":39,"column":20},"end":{"line":41,"column":5}},"line":39},"7":{"name":"(anonymous_7)","decl":{"start":{"line":45,"column":40},"end":{"line":45,"column":41}},"loc":{"start":{"line":45,"column":69},"end":{"line":56,"column":1}},"line":45},"8":{"name":"(anonymous_8)","decl":{"start":{"line":49,"column":10},"end":{"line":49,"column":11}},"loc":{"start":{"line":49,"column":20},"end":{"line":55,"column":5}},"line":49},"9":{"name":"(anonymous_9)","decl":{"start":{"line":58,"column":36},"end":{"line":58,"column":37}},"loc":{"start":{"line":58,"column":65},"end":{"line":61,"column":1}},"line":58},"10":{"name":"(anonymous_10)","decl":{"start":{"line":63,"column":49},"end":{"line":63,"column":50}},"loc":{"start":{"line":63,"column":76},"end":{"line":75,"column":1}},"line":63},"11":{"name":"(anonymous_11)","decl":{"start":{"line":68,"column":10},"end":{"line":68,"column":11}},"loc":{"start":{"line":68,"column":20},"end":{"line":74,"column":5}},"line":68},"12":{"name":"(anonymous_12)","decl":{"start":{"line":77,"column":33},"end":{"line":77,"column":34}},"loc":{"start":{"line":77,"column":62},"end":{"line":80,"column":1}},"line":77}},"branchMap":{"0":{"loc":{"start":{"line":15,"column":2},"end":{"line":17,"column":3}},"type":"if","locations":[{"start":{"line":15,"column":2},"end":{"line":17,"column":3}},{"start":{"line":15,"column":2},"end":{"line":17,"column":3}}],"line":15},"1":{"loc":{"start":{"line":15,"column":5},"end":{"line":15,"column":48}},"type":"binary-expr","locations":[{"start":{"line":15,"column":5},"end":{"line":15,"column":23}},{"start":{"line":15,"column":27},"end":{"line":15,"column":48}}],"line":15},"2":{"loc":{"start":{"line":28,"column":6},"end":{"line":30,"column":7}},"type":"if","locations":[{"start":{"line":28,"column":6},"end":{"line":30,"column":7}},{"start":{"line":28,"column":6},"end":{"line":30,"column":7}}],"line":28},"3":{"loc":{"start":{"line":50,"column":6},"end":{"line":52,"column":7}},"type":"if","locations":[{"start":{"line":50,"column":6},"end":{"line":52,"column":7}},{"start":{"line":50,"column":6},"end":{"line":52,"column":7}}],"line":50},"4":{"loc":{"start":{"line":69,"column":6},"end":{"line":71,"column":7}},"type":"if","locations":[{"start":{"line":69,"column":6},"end":{"line":71,"column":7}},{"start":{"line":69,"column":6},"end":{"line":71,"column":7}}],"line":69}},"s":{"0":1,"1":1,"2":1,"3":1,"4":1,"5":1,"6":1,"7":0,"8":0,"9":0,"10":0,"11":0,"12":0,"13":1,"14":0,"15":0,"16":0,"17":0,"18":0,"19":1,"20":0,"21":0,"22":0,"23":1,"24":0,"25":0,"26":0,"27":0,"28":0,"29":0,"30":1,"31":0,"32":0,"33":1,"34":0,"35":0,"36":0,"37":0,"38":0,"39":0,"40":0,"41":1,"42":0,"43":0},"f":{"0":0,"1":0,"2":0,"3":0,"4":0,"5":0,"6":0,"7":0,"8":0,"9":0,"10":0,"11":0,"12":0},"b":{"0":[0,0],"1":[0,0],"2":[0,0],"3":[0,0],"4":[0,0]},"_coverageSchema":"332fd63041d2c1bcb487cc26dd0d5f7d97098a6c","hash":"ee5036c8af4ec6ce5c906fcc8cb98bcdb3901df0"}
}
