{"/Users/DaltonCarr/codefellows/401/lab-assignments/13-14-Relational-Modeling/lib/error-middleware.js": {"path":"/Users/DaltonCarr/codefellows/401/lab-assignments/13-14-Relational-Modeling/lib/error-middleware.js","statementMap":{"0":{"start":{"line":3,"column":15},"end":{"line":3,"column":34}},"1":{"start":{"line":5,"column":0},"end":{"line":35,"column":2}},"2":{"start":{"line":6,"column":2},"end":{"line":6,"column":45}},"3":{"start":{"line":7,"column":2},"end":{"line":7,"column":28}},"4":{"start":{"line":9,"column":2},"end":{"line":12,"column":3}},"5":{"start":{"line":10,"column":4},"end":{"line":10,"column":97}},"6":{"start":{"line":11,"column":4},"end":{"line":11,"column":45}},"7":{"start":{"line":14,"column":16},"end":{"line":14,"column":43}},"8":{"start":{"line":16,"column":2},"end":{"line":19,"column":3}},"9":{"start":{"line":17,"column":4},"end":{"line":17,"column":60}},"10":{"start":{"line":18,"column":4},"end":{"line":18,"column":36}},"11":{"start":{"line":21,"column":2},"end":{"line":24,"column":3}},"12":{"start":{"line":22,"column":4},"end":{"line":22,"column":60}},"13":{"start":{"line":23,"column":4},"end":{"line":23,"column":36}},"14":{"start":{"line":26,"column":2},"end":{"line":29,"column":3}},"15":{"start":{"line":27,"column":4},"end":{"line":27,"column":60}},"16":{"start":{"line":28,"column":4},"end":{"line":28,"column":36}},"17":{"start":{"line":31,"column":2},"end":{"line":34,"column":3}},"18":{"start":{"line":32,"column":4},"end":{"line":32,"column":60}},"19":{"start":{"line":33,"column":4},"end":{"line":33,"column":36}}},"fnMap":{"0":{"name":"(anonymous_0)","decl":{"start":{"line":5,"column":17},"end":{"line":5,"column":18}},"loc":{"start":{"line":5,"column":53},"end":{"line":35,"column":1}},"line":5}},"branchMap":{"0":{"loc":{"start":{"line":9,"column":2},"end":{"line":12,"column":3}},"type":"if","locations":[{"start":{"line":9,"column":2},"end":{"line":12,"column":3}},{"start":{"line":9,"column":2},"end":{"line":12,"column":3}}],"line":9},"1":{"loc":{"start":{"line":16,"column":2},"end":{"line":19,"column":3}},"type":"if","locations":[{"start":{"line":16,"column":2},"end":{"line":19,"column":3}},{"start":{"line":16,"column":2},"end":{"line":19,"column":3}}],"line":16},"2":{"loc":{"start":{"line":21,"column":2},"end":{"line":24,"column":3}},"type":"if","locations":[{"start":{"line":21,"column":2},"end":{"line":24,"column":3}},{"start":{"line":21,"column":2},"end":{"line":24,"column":3}}],"line":21},"3":{"loc":{"start":{"line":26,"column":2},"end":{"line":29,"column":3}},"type":"if","locations":[{"start":{"line":26,"column":2},"end":{"line":29,"column":3}},{"start":{"line":26,"column":2},"end":{"line":29,"column":3}}],"line":26},"4":{"loc":{"start":{"line":31,"column":2},"end":{"line":34,"column":3}},"type":"if","locations":[{"start":{"line":31,"column":2},"end":{"line":34,"column":3}},{"start":{"line":31,"column":2},"end":{"line":34,"column":3}}],"line":31}},"s":{"0":1,"1":1,"2":6,"3":6,"4":6,"5":1,"6":1,"7":5,"8":5,"9":1,"10":1,"11":4,"12":1,"13":1,"14":3,"15":3,"16":3,"17":0,"18":0,"19":0},"f":{"0":6},"b":{"0":[1,5],"1":[1,4],"2":[1,3],"3":[3,0],"4":[0,0]},"_coverageSchema":"332fd63041d2c1bcb487cc26dd0d5f7d97098a6c","hash":"86b770814121dbdd28d74b28f10a5288d3ccd893"}
,"/Users/DaltonCarr/codefellows/401/lab-assignments/13-14-Relational-Modeling/lib/logger.js": {"path":"/Users/DaltonCarr/codefellows/401/lab-assignments/13-14-Relational-Modeling/lib/logger.js","statementMap":{"0":{"start":{"line":4,"column":16},"end":{"line":4,"column":34}},"1":{"start":{"line":5,"column":22},"end":{"line":5,"column":75}},"2":{"start":{"line":7,"column":15},"end":{"line":15,"column":2}},"3":{"start":{"line":17,"column":0},"end":{"line":17,"column":24}}},"fnMap":{},"branchMap":{},"s":{"0":1,"1":1,"2":1,"3":1},"f":{},"b":{},"_coverageSchema":"332fd63041d2c1bcb487cc26dd0d5f7d97098a6c","hash":"93c2b36bb2743ddc91537d796d7fa2523d8ea53b"}
,"/Users/DaltonCarr/codefellows/401/lab-assignments/13-14-Relational-Modeling/lib/server.js": {"path":"/Users/DaltonCarr/codefellows/401/lab-assignments/13-14-Relational-Modeling/lib/server.js","statementMap":{"0":{"start":{"line":3,"column":16},"end":{"line":3,"column":34}},"1":{"start":{"line":4,"column":17},"end":{"line":4,"column":36}},"2":{"start":{"line":5,"column":15},"end":{"line":5,"column":34}},"3":{"start":{"line":6,"column":0},"end":{"line":6,"column":27}},"4":{"start":{"line":8,"column":12},"end":{"line":8,"column":21}},"5":{"start":{"line":9,"column":17},"end":{"line":9,"column":22}},"6":{"start":{"line":10,"column":17},"end":{"line":10,"column":21}},"7":{"start":{"line":12,"column":0},"end":{"line":12,"column":27}},"8":{"start":{"line":14,"column":0},"end":{"line":14,"column":43}},"9":{"start":{"line":16,"column":0},"end":{"line":19,"column":3}},"10":{"start":{"line":17,"column":2},"end":{"line":17,"column":64}},"11":{"start":{"line":18,"column":2},"end":{"line":18,"column":34}},"12":{"start":{"line":21,"column":0},"end":{"line":21,"column":39}},"13":{"start":{"line":23,"column":15},"end":{"line":23,"column":34}},"14":{"start":{"line":25,"column":0},"end":{"line":39,"column":2}},"15":{"start":{"line":26,"column":2},"end":{"line":38,"column":85}},"16":{"start":{"line":27,"column":4},"end":{"line":30,"column":5}},"17":{"start":{"line":28,"column":6},"end":{"line":28,"column":66}},"18":{"start":{"line":29,"column":6},"end":{"line":29,"column":72}},"19":{"start":{"line":31,"column":4},"end":{"line":36,"column":7}},"20":{"start":{"line":32,"column":6},"end":{"line":32,"column":24}},"21":{"start":{"line":33,"column":6},"end":{"line":33,"column":69}},"22":{"start":{"line":34,"column":6},"end":{"line":34,"column":75}},"23":{"start":{"line":35,"column":6},"end":{"line":35,"column":23}},"24":{"start":{"line":38,"column":17},"end":{"line":38,"column":83}},"25":{"start":{"line":41,"column":0},"end":{"line":60,"column":2}},"26":{"start":{"line":42,"column":2},"end":{"line":59,"column":41}},"27":{"start":{"line":43,"column":4},"end":{"line":46,"column":5}},"28":{"start":{"line":44,"column":6},"end":{"line":44,"column":67}},"29":{"start":{"line":45,"column":6},"end":{"line":45,"column":73}},"30":{"start":{"line":48,"column":4},"end":{"line":51,"column":5}},"31":{"start":{"line":49,"column":6},"end":{"line":49,"column":73}},"32":{"start":{"line":50,"column":6},"end":{"line":50,"column":79}},"33":{"start":{"line":52,"column":4},"end":{"line":57,"column":7}},"34":{"start":{"line":53,"column":6},"end":{"line":53,"column":25}},"35":{"start":{"line":54,"column":6},"end":{"line":54,"column":24}},"36":{"start":{"line":55,"column":6},"end":{"line":55,"column":38}},"37":{"start":{"line":56,"column":6},"end":{"line":56,"column":23}},"38":{"start":{"line":59,"column":17},"end":{"line":59,"column":38}}},"fnMap":{"0":{"name":"(anonymous_0)","decl":{"start":{"line":16,"column":13},"end":{"line":16,"column":14}},"loc":{"start":{"line":16,"column":35},"end":{"line":19,"column":1}},"line":16},"1":{"name":"(anonymous_1)","decl":{"start":{"line":25,"column":15},"end":{"line":25,"column":16}},"loc":{"start":{"line":25,"column":21},"end":{"line":39,"column":1}},"line":25},"2":{"name":"(anonymous_2)","decl":{"start":{"line":26,"column":21},"end":{"line":26,"column":22}},"loc":{"start":{"line":26,"column":41},"end":{"line":37,"column":3}},"line":26},"3":{"name":"(anonymous_3)","decl":{"start":{"line":31,"column":46},"end":{"line":31,"column":47}},"loc":{"start":{"line":31,"column":52},"end":{"line":36,"column":5}},"line":31},"4":{"name":"(anonymous_4)","decl":{"start":{"line":38,"column":11},"end":{"line":38,"column":12}},"loc":{"start":{"line":38,"column":17},"end":{"line":38,"column":83}},"line":38},"5":{"name":"(anonymous_5)","decl":{"start":{"line":41,"column":14},"end":{"line":41,"column":15}},"loc":{"start":{"line":41,"column":20},"end":{"line":60,"column":1}},"line":41},"6":{"name":"(anonymous_6)","decl":{"start":{"line":42,"column":21},"end":{"line":42,"column":22}},"loc":{"start":{"line":42,"column":41},"end":{"line":58,"column":3}},"line":42},"7":{"name":"(anonymous_7)","decl":{"start":{"line":52,"column":21},"end":{"line":52,"column":22}},"loc":{"start":{"line":52,"column":27},"end":{"line":57,"column":5}},"line":52},"8":{"name":"(anonymous_8)","decl":{"start":{"line":59,"column":11},"end":{"line":59,"column":12}},"loc":{"start":{"line":59,"column":17},"end":{"line":59,"column":38}},"line":59}},"branchMap":{"0":{"loc":{"start":{"line":27,"column":4},"end":{"line":30,"column":5}},"type":"if","locations":[{"start":{"line":27,"column":4},"end":{"line":30,"column":5}},{"start":{"line":27,"column":4},"end":{"line":30,"column":5}}],"line":27},"1":{"loc":{"start":{"line":43,"column":4},"end":{"line":46,"column":5}},"type":"if","locations":[{"start":{"line":43,"column":4},"end":{"line":46,"column":5}},{"start":{"line":43,"column":4},"end":{"line":46,"column":5}}],"line":43},"2":{"loc":{"start":{"line":48,"column":4},"end":{"line":51,"column":5}},"type":"if","locations":[{"start":{"line":48,"column":4},"end":{"line":51,"column":5}},{"start":{"line":48,"column":4},"end":{"line":51,"column":5}}],"line":48}},"s":{"0":1,"1":1,"2":1,"3":1,"4":1,"5":1,"6":1,"7":1,"8":1,"9":1,"10":0,"11":0,"12":1,"13":1,"14":1,"15":1,"16":1,"17":0,"18":0,"19":1,"20":1,"21":1,"22":1,"23":1,"24":1,"25":1,"26":1,"27":1,"28":0,"29":0,"30":1,"31":0,"32":0,"33":1,"34":1,"35":1,"36":1,"37":1,"38":1},"f":{"0":0,"1":1,"2":1,"3":1,"4":1,"5":1,"6":1,"7":1,"8":1},"b":{"0":[0,1],"1":[0,1],"2":[0,1]},"_coverageSchema":"332fd63041d2c1bcb487cc26dd0d5f7d97098a6c","hash":"140f67cbbbbb4bede49cc4d02f1ce05ef7aebd78"}
,"/Users/DaltonCarr/codefellows/401/lab-assignments/13-14-Relational-Modeling/model/wizard.js": {"path":"/Users/DaltonCarr/codefellows/401/lab-assignments/13-14-Relational-Modeling/model/wizard.js","statementMap":{"0":{"start":{"line":3,"column":17},"end":{"line":3,"column":36}},"1":{"start":{"line":5,"column":21},"end":{"line":21,"column":2}},"2":{"start":{"line":23,"column":0},"end":{"line":23,"column":55}}},"fnMap":{},"branchMap":{},"s":{"0":1,"1":1,"2":1},"f":{},"b":{},"_coverageSchema":"332fd63041d2c1bcb487cc26dd0d5f7d97098a6c","hash":"05a1d6db668400c69141e2aedcc2783c787dbd5b"}
,"/Users/DaltonCarr/codefellows/401/lab-assignments/13-14-Relational-Modeling/route/wizard-router.js": {"path":"/Users/DaltonCarr/codefellows/401/lab-assignments/13-14-Relational-Modeling/route/wizard-router.js","statementMap":{"0":{"start":{"line":3,"column":17},"end":{"line":3,"column":35}},"1":{"start":{"line":4,"column":19},"end":{"line":4,"column":48}},"2":{"start":{"line":6,"column":15},"end":{"line":6,"column":41}},"3":{"start":{"line":7,"column":15},"end":{"line":7,"column":39}},"4":{"start":{"line":8,"column":19},"end":{"line":8,"column":41}},"5":{"start":{"line":10,"column":21},"end":{"line":10,"column":50}},"6":{"start":{"line":12,"column":0},"end":{"line":22,"column":3}},"7":{"start":{"line":13,"column":2},"end":{"line":13,"column":52}},"8":{"start":{"line":15,"column":2},"end":{"line":17,"column":3}},"9":{"start":{"line":16,"column":4},"end":{"line":16,"column":63}},"10":{"start":{"line":19,"column":2},"end":{"line":21,"column":17}},"11":{"start":{"line":20,"column":20},"end":{"line":20,"column":41}},"12":{"start":{"line":24,"column":0},"end":{"line":35,"column":3}},"13":{"start":{"line":25,"column":2},"end":{"line":25,"column":56}},"14":{"start":{"line":27,"column":2},"end":{"line":34,"column":19}},"15":{"start":{"line":29,"column":6},"end":{"line":31,"column":7}},"16":{"start":{"line":30,"column":8},"end":{"line":30,"column":50}},"17":{"start":{"line":32,"column":6},"end":{"line":32,"column":67}},"18":{"start":{"line":33,"column":6},"end":{"line":33,"column":35}},"19":{"start":{"line":36,"column":0},"end":{"line":42,"column":3}},"20":{"start":{"line":37,"column":2},"end":{"line":37,"column":51}},"21":{"start":{"line":38,"column":2},"end":{"line":41,"column":7}},"22":{"start":{"line":40,"column":6},"end":{"line":40,"column":36}},"23":{"start":{"line":43,"column":0},"end":{"line":54,"column":3}},"24":{"start":{"line":44,"column":2},"end":{"line":44,"column":54}},"25":{"start":{"line":46,"column":2},"end":{"line":53,"column":19}},"26":{"start":{"line":48,"column":6},"end":{"line":50,"column":7}},"27":{"start":{"line":49,"column":8},"end":{"line":49,"column":50}},"28":{"start":{"line":51,"column":6},"end":{"line":51,"column":65}},"29":{"start":{"line":52,"column":6},"end":{"line":52,"column":38}},"30":{"start":{"line":56,"column":0},"end":{"line":59,"column":3}},"31":{"start":{"line":57,"column":2},"end":{"line":57,"column":71}},"32":{"start":{"line":58,"column":2},"end":{"line":58,"column":34}},"33":{"start":{"line":61,"column":0},"end":{"line":73,"column":3}},"34":{"start":{"line":62,"column":2},"end":{"line":62,"column":51}},"35":{"start":{"line":63,"column":16},"end":{"line":63,"column":49}},"36":{"start":{"line":65,"column":2},"end":{"line":72,"column":19}},"37":{"start":{"line":67,"column":6},"end":{"line":69,"column":7}},"38":{"start":{"line":68,"column":8},"end":{"line":68,"column":50}},"39":{"start":{"line":70,"column":6},"end":{"line":70,"column":62}},"40":{"start":{"line":71,"column":6},"end":{"line":71,"column":35}},"41":{"start":{"line":75,"column":0},"end":{"line":78,"column":3}},"42":{"start":{"line":76,"column":2},"end":{"line":76,"column":68}},"43":{"start":{"line":77,"column":2},"end":{"line":77,"column":34}}},"fnMap":{"0":{"name":"(anonymous_0)","decl":{"start":{"line":12,"column":46},"end":{"line":12,"column":47}},"loc":{"start":{"line":12,"column":74},"end":{"line":22,"column":1}},"line":12},"1":{"name":"(anonymous_1)","decl":{"start":{"line":20,"column":10},"end":{"line":20,"column":11}},"loc":{"start":{"line":20,"column":20},"end":{"line":20,"column":41}},"line":20},"2":{"name":"(anonymous_2)","decl":{"start":{"line":24,"column":37},"end":{"line":24,"column":38}},"loc":{"start":{"line":24,"column":65},"end":{"line":35,"column":1}},"line":24},"3":{"name":"(anonymous_3)","decl":{"start":{"line":28,"column":10},"end":{"line":28,"column":11}},"loc":{"start":{"line":28,"column":20},"end":{"line":34,"column":5}},"line":28},"4":{"name":"(anonymous_4)","decl":{"start":{"line":36,"column":33},"end":{"line":36,"column":34}},"loc":{"start":{"line":36,"column":62},"end":{"line":42,"column":1}},"line":36},"5":{"name":"(anonymous_5)","decl":{"start":{"line":39,"column":10},"end":{"line":39,"column":11}},"loc":{"start":{"line":39,"column":20},"end":{"line":41,"column":5}},"line":39},"6":{"name":"(anonymous_6)","decl":{"start":{"line":43,"column":40},"end":{"line":43,"column":41}},"loc":{"start":{"line":43,"column":69},"end":{"line":54,"column":1}},"line":43},"7":{"name":"(anonymous_7)","decl":{"start":{"line":47,"column":10},"end":{"line":47,"column":11}},"loc":{"start":{"line":47,"column":20},"end":{"line":53,"column":5}},"line":47},"8":{"name":"(anonymous_8)","decl":{"start":{"line":56,"column":36},"end":{"line":56,"column":37}},"loc":{"start":{"line":56,"column":65},"end":{"line":59,"column":1}},"line":56},"9":{"name":"(anonymous_9)","decl":{"start":{"line":61,"column":49},"end":{"line":61,"column":50}},"loc":{"start":{"line":61,"column":76},"end":{"line":73,"column":1}},"line":61},"10":{"name":"(anonymous_10)","decl":{"start":{"line":66,"column":10},"end":{"line":66,"column":11}},"loc":{"start":{"line":66,"column":20},"end":{"line":72,"column":5}},"line":66},"11":{"name":"(anonymous_11)","decl":{"start":{"line":75,"column":33},"end":{"line":75,"column":34}},"loc":{"start":{"line":75,"column":62},"end":{"line":78,"column":1}},"line":75}},"branchMap":{"0":{"loc":{"start":{"line":15,"column":2},"end":{"line":17,"column":3}},"type":"if","locations":[{"start":{"line":15,"column":2},"end":{"line":17,"column":3}},{"start":{"line":15,"column":2},"end":{"line":17,"column":3}}],"line":15},"1":{"loc":{"start":{"line":15,"column":5},"end":{"line":15,"column":45}},"type":"binary-expr","locations":[{"start":{"line":15,"column":5},"end":{"line":15,"column":23}},{"start":{"line":15,"column":27},"end":{"line":15,"column":45}}],"line":15},"2":{"loc":{"start":{"line":29,"column":6},"end":{"line":31,"column":7}},"type":"if","locations":[{"start":{"line":29,"column":6},"end":{"line":31,"column":7}},{"start":{"line":29,"column":6},"end":{"line":31,"column":7}}],"line":29},"3":{"loc":{"start":{"line":48,"column":6},"end":{"line":50,"column":7}},"type":"if","locations":[{"start":{"line":48,"column":6},"end":{"line":50,"column":7}},{"start":{"line":48,"column":6},"end":{"line":50,"column":7}}],"line":48},"4":{"loc":{"start":{"line":67,"column":6},"end":{"line":69,"column":7}},"type":"if","locations":[{"start":{"line":67,"column":6},"end":{"line":69,"column":7}},{"start":{"line":67,"column":6},"end":{"line":69,"column":7}}],"line":67}},"s":{"0":1,"1":1,"2":1,"3":1,"4":1,"5":1,"6":1,"7":5,"8":5,"9":1,"10":4,"11":2,"12":1,"13":2,"14":2,"15":1,"16":0,"17":1,"18":1,"19":1,"20":1,"21":1,"22":1,"23":1,"24":2,"25":2,"26":1,"27":0,"28":1,"29":1,"30":1,"31":1,"32":1,"33":1,"34":2,"35":2,"36":2,"37":1,"38":0,"39":1,"40":1,"41":1,"42":1,"43":1},"f":{"0":5,"1":2,"2":2,"3":1,"4":1,"5":1,"6":2,"7":1,"8":1,"9":2,"10":1,"11":1},"b":{"0":[1,4],"1":[5,5],"2":[0,1],"3":[0,1],"4":[0,1]},"_coverageSchema":"332fd63041d2c1bcb487cc26dd0d5f7d97098a6c","hash":"e538c3306bca3cabdf4be40bbe478506f1f29322"}
}
