TN:
SF:/Users/DaltonCarr/codefellows/401/lab-assignments/13-14-Relational-Modeling/__test__/lib/category-mock.js
FN:8,(anonymous_0)
FN:15,(anonymous_1)
FN:17,(anonymous_2)
FN:20,(anonymous_3)
FNF:4
FNH:2
FNDA:11,(anonymous_0)
FNDA:0,(anonymous_1)
FNDA:0,(anonymous_2)
FNDA:23,(anonymous_3)
DA:3,2
DA:4,2
DA:6,2
DA:8,2
DA:9,11
DA:15,2
DA:16,0
DA:17,0
DA:20,23
LF:9
LH:7
BRF:0
BRH:0
end_of_record
TN:
SF:/Users/DaltonCarr/codefellows/401/lab-assignments/13-14-Relational-Modeling/__test__/lib/setup.js
FNF:0
FNH:0
DA:3,2
DA:4,2
LF:2
LH:2
BRF:0
BRH:0
end_of_record
TN:
SF:/Users/DaltonCarr/codefellows/401/lab-assignments/13-14-Relational-Modeling/__test__/lib/wizard-mock.js
FN:9,(anonymous_0)
FN:13,(anonymous_1)
FN:22,(anonymous_2)
FN:28,(anonymous_3)
FN:32,(anonymous_4)
FN:36,(anonymous_5)
FN:44,(anonymous_6)
FN:50,(anonymous_7)
FNF:8
FNH:8
FNDA:3,(anonymous_0)
FNDA:3,(anonymous_1)
FNDA:3,(anonymous_2)
FNDA:1,(anonymous_3)
FNDA:1,(anonymous_4)
FNDA:100,(anonymous_5)
FNDA:1,(anonymous_6)
FNDA:12,(anonymous_7)
DA:3,1
DA:4,1
DA:5,1
DA:7,1
DA:9,1
DA:10,3
DA:12,3
DA:14,3
DA:16,3
DA:23,3
DA:24,3
DA:28,1
DA:29,1
DA:31,1
DA:33,1
DA:34,1
DA:37,100
DA:45,1
DA:46,1
DA:50,12
LF:20
LH:20
BRF:0
BRH:0
end_of_record
TN:
SF:/Users/DaltonCarr/codefellows/401/lab-assignments/13-14-Relational-Modeling/lib/error-middleware.js
FN:5,(anonymous_0)
FNF:1
FNH:1
FNDA:9,(anonymous_0)
DA:3,2
DA:5,2
DA:6,9
DA:7,9
DA:9,9
DA:10,3
DA:11,3
DA:14,6
DA:16,6
DA:17,0
DA:18,0
DA:21,6
DA:22,2
DA:23,2
DA:26,4
DA:27,4
DA:28,4
DA:31,0
DA:32,0
DA:33,0
LF:20
LH:15
BRDA:9,0,0,3
BRDA:9,0,1,6
BRDA:16,1,0,0
BRDA:16,1,1,6
BRDA:21,2,0,2
BRDA:21,2,1,4
BRDA:26,3,0,4
BRDA:26,3,1,0
BRDA:31,4,0,0
BRDA:31,4,1,0
BRF:10
BRH:6
end_of_record
TN:
SF:/Users/DaltonCarr/codefellows/401/lab-assignments/13-14-Relational-Modeling/lib/logger-middleware.js
FN:5,(anonymous_0)
FNF:1
FNH:1
FNDA:25,(anonymous_0)
DA:3,2
DA:5,2
DA:6,25
DA:7,25
DA:8,25
LF:5
LH:5
BRF:0
BRH:0
end_of_record
TN:
SF:/Users/DaltonCarr/codefellows/401/lab-assignments/13-14-Relational-Modeling/lib/logger.js
FNF:0
FNH:0
DA:4,2
DA:5,2
DA:7,2
DA:17,2
LF:4
LH:4
BRF:0
BRH:0
end_of_record
TN:
SF:/Users/DaltonCarr/codefellows/401/lab-assignments/13-14-Relational-Modeling/lib/server.js
FN:19,(anonymous_0)
FN:28,(anonymous_1)
FN:29,(anonymous_2)
FN:34,(anonymous_3)
FN:41,(anonymous_4)
FN:44,(anonymous_5)
FN:45,(anonymous_6)
FN:55,(anonymous_7)
FN:62,(anonymous_8)
FNF:9
FNH:9
FNDA:3,(anonymous_0)
FNDA:2,(anonymous_1)
FNDA:2,(anonymous_2)
FNDA:2,(anonymous_3)
FNDA:2,(anonymous_4)
FNDA:2,(anonymous_5)
FNDA:2,(anonymous_6)
FNDA:2,(anonymous_7)
FNDA:2,(anonymous_8)
DA:3,2
DA:4,2
DA:5,2
DA:6,2
DA:8,2
DA:9,2
DA:10,2
DA:12,2
DA:15,2
DA:16,2
DA:17,2
DA:19,2
DA:20,3
DA:21,3
DA:24,2
DA:26,2
DA:28,2
DA:29,2
DA:30,2
DA:31,0
DA:32,0
DA:34,2
DA:35,2
DA:36,2
DA:37,2
DA:38,2
DA:41,2
DA:44,2
DA:45,2
DA:46,2
DA:47,0
DA:48,0
DA:51,2
DA:52,0
DA:53,0
DA:55,2
DA:56,2
DA:57,2
DA:58,2
DA:59,2
DA:62,2
LF:41
LH:35
BRDA:30,0,0,0
BRDA:30,0,1,2
BRDA:46,1,0,0
BRDA:46,1,1,2
BRDA:51,2,0,0
BRDA:51,2,1,2
BRF:6
BRH:3
end_of_record
TN:
SF:/Users/DaltonCarr/codefellows/401/lab-assignments/13-14-Relational-Modeling/model/category.js
FN:12,(anonymous_0)
FNF:1
FNH:1
FNDA:123,(anonymous_0)
DA:3,2
DA:5,2
DA:12,123
DA:20,2
LF:4
LH:4
BRF:0
BRH:0
end_of_record
TN:
SF:/Users/DaltonCarr/codefellows/401/lab-assignments/13-14-Relational-Modeling/model/wizard.js
FN:19,(anonymous_0)
FN:31,(anonymous_1)
FN:34,(anonymous_2)
FN:41,(anonymous_3)
FN:45,(anonymous_4)
FN:47,(anonymous_5)
FN:51,(anonymous_6)
FN:56,(anonymous_7)
FNF:8
FNH:4
FNDA:116,(anonymous_0)
FNDA:104,(anonymous_1)
FNDA:104,(anonymous_2)
FNDA:104,(anonymous_3)
FNDA:0,(anonymous_4)
FNDA:0,(anonymous_5)
FNDA:0,(anonymous_6)
FNDA:0,(anonymous_7)
DA:3,2
DA:4,2
DA:5,2
DA:7,2
DA:19,116
DA:31,2
DA:33,104
DA:35,104
DA:36,0
DA:38,104
DA:39,104
DA:41,104
DA:45,2
DA:46,0
DA:48,0
DA:49,0
DA:51,0
DA:52,0
DA:54,0
DA:56,0
DA:61,2
LF:21
LH:13
BRDA:35,0,0,0
BRDA:35,0,1,104
BRDA:48,1,0,0
BRDA:48,1,1,0
BRF:4
BRH:1
end_of_record
TN:
SF:/Users/DaltonCarr/codefellows/401/lab-assignments/13-14-Relational-Modeling/route/category-router.js
FN:10,(anonymous_0)
FN:15,(anonymous_1)
FN:19,(anonymous_2)
FN:23,(anonymous_3)
FN:31,(anonymous_4)
FN:33,(anonymous_5)
FN:42,(anonymous_6)
FN:44,(anonymous_7)
FNF:8
FNH:8
FNDA:5,(anonymous_0)
FNDA:3,(anonymous_1)
FNDA:4,(anonymous_2)
FNDA:2,(anonymous_3)
FNDA:1,(anonymous_4)
FNDA:1,(anonymous_5)
FNDA:2,(anonymous_6)
FNDA:1,(anonymous_7)
DA:3,2
DA:4,2
DA:5,2
DA:6,2
DA:8,2
DA:10,2
DA:11,5
DA:12,1
DA:14,4
DA:15,3
DA:19,2
DA:20,4
DA:22,4
DA:24,2
DA:25,0
DA:26,2
DA:31,2
DA:32,1
DA:34,1
DA:35,0
DA:36,1
DA:42,2
DA:43,2
DA:45,1
DA:46,0
DA:48,1
LF:26
LH:23
BRDA:11,0,0,1
BRDA:11,0,1,4
BRDA:24,1,0,0
BRDA:24,1,1,2
BRDA:34,2,0,0
BRDA:34,2,1,1
BRDA:45,3,0,0
BRDA:45,3,1,1
BRF:8
BRH:5
end_of_record
TN:
SF:/Users/DaltonCarr/codefellows/401/lab-assignments/13-14-Relational-Modeling/route/wizard-router.js
FN:12,(anonymous_0)
FN:20,(anonymous_1)
FN:24,(anonymous_2)
FN:27,(anonymous_3)
FN:36,(anonymous_4)
FN:51,(anonymous_5)
FN:55,(anonymous_6)
FN:72,(anonymous_7)
FN:76,(anonymous_8)
FN:85,(anonymous_9)
FN:90,(anonymous_10)
FN:95,(anonymous_11)
FNF:12
FNH:10
FNDA:3,(anonymous_0)
FNDA:1,(anonymous_1)
FNDA:0,(anonymous_2)
FNDA:0,(anonymous_3)
FNDA:1,(anonymous_4)
FNDA:1,(anonymous_5)
FNDA:1,(anonymous_6)
FNDA:2,(anonymous_7)
FNDA:1,(anonymous_8)
FNDA:2,(anonymous_9)
FNDA:2,(anonymous_10)
FNDA:1,(anonymous_11)
DA:3,2
DA:4,2
DA:6,2
DA:7,2
DA:8,2
DA:10,2
DA:12,2
DA:13,3
DA:15,3
DA:16,2
DA:19,1
DA:20,1
DA:24,2
DA:25,0
DA:28,0
DA:29,0
DA:31,0
DA:32,0
DA:36,2
DA:37,1
DA:38,1
DA:39,1
DA:41,1
DA:42,0
DA:44,1
DA:46,1
DA:48,1
DA:52,1
DA:53,1
DA:56,1
DA:60,1
DA:61,1
DA:67,1
DA:72,2
DA:73,2
DA:75,2
DA:77,1
DA:78,0
DA:80,1
DA:81,1
DA:85,2
DA:86,2
DA:87,2
DA:90,2
DA:91,2
DA:92,2
DA:94,2
DA:96,1
DA:97,0
DA:99,1
DA:100,1
LF:51
LH:43
BRDA:15,0,0,2
BRDA:15,0,1,1
BRDA:15,1,0,3
BRDA:15,1,1,2
BRDA:28,2,0,0
BRDA:28,2,1,0
BRDA:38,3,0,1
BRDA:41,4,0,0
BRDA:41,4,1,1
BRDA:44,5,0,0
BRDA:44,5,1,1
BRDA:62,6,0,0
BRDA:62,6,1,1
BRDA:63,7,0,1
BRDA:63,7,1,0
BRDA:77,8,0,0
BRDA:77,8,1,1
BRDA:96,9,0,0
BRDA:96,9,1,1
BRF:19
BRH:11
end_of_record
